#
# There is insufficient memory for the Java Runtime Environment to continue.
# Native memory allocation (mmap) failed to map 534773760 bytes for Failed to commit area from 0x0000000603c00000 to 0x0000000623a00000 of length 534773760.
# Possible reasons:
#   The system is out of physical RAM or swap space
#   The process is running with CompressedOops enabled, and the Java Heap may be blocking the growth of the native heap
# Possible solutions:
#   Reduce memory load on the system
#   Increase physical memory or swap space
#   Check if swap backing store is full
#   Decrease Java heap size (-Xmx/-Xms)
#   Decrease number of Java threads
#   Decrease Java thread stack sizes (-Xss)
#   Set larger code cache with -XX:ReservedCodeCacheSize=
# This output file may be truncated or incomplete.
#
#  Out of Memory Error (./src/hotspot/os/windows/os_windows.cpp:3387), pid=28112, tid=63972
#
# JRE version:  (11.0.14.1+1) (build )
# Java VM: OpenJDK 64-Bit Server VM (11.0.14.1+1, mixed mode, sharing, tiered, compressed oops, g1 gc, windows-amd64)
# No core dump will be written. Minidumps are not enabled by default on client versions of Windows
#

---------------  S U M M A R Y ------------

Command Line: 

Host: 13th Gen Intel(R) Core(TM) i7-13700K, 24 cores, 31G,  Windows 11 , 64 bit Build 22621 (10.0.22621.3672)
Time: Sun Jun 23 13:16:31 2024 “Œ‹ž (•W€Žž) elapsed time: 0.005514 seconds (0d 0h 0m 0s)

---------------  T H R E A D  ---------------

Current thread (0x0000023134940800):  JavaThread "Unknown thread" [_thread_in_vm, id=63972, stack(0x00000084b0400000,0x00000084b0500000)]

Stack: [0x00000084b0400000,0x00000084b0500000]
Native frames: (J=compiled Java code, j=interpreted, Vv=VM code, C=native code)
V  [jvm.dll+0x61e59a]
V  [jvm.dll+0x7aaca9]
V  [jvm.dll+0x7ac398]
V  [jvm.dll+0x7aca73]
V  [jvm.dll+0x24f9b8]
V  [jvm.dll+0x61b83a]
V  [jvm.dll+0x6100c5]
V  [jvm.dll+0x30772c]
V  [jvm.dll+0x3075b2]
V  [jvm.dll+0x30c2d6]
V  [jvm.dll+0x35272f]
V  [jvm.dll+0x352160]
V  [jvm.dll+0x2e4728]
V  [jvm.dll+0x2e5886]
V  [jvm.dll+0x784b07]
V  [jvm.dll+0x78628f]
V  [jvm.dll+0x35f479]
V  [jvm.dll+0x767aa0]
V  [jvm.dll+0x3ccf1f]
V  [jvm.dll+0x3cf2b1]
C  [jli.dll+0x5207]
C  [ucrtbase.dll+0x29333]
C  [KERNEL32.DLL+0x1257d]
C  [ntdll.dll+0x5af28]


---------------  P R O C E S S  ---------------

Threads class SMR info:
_java_thread_list=0x00000231327367c0, length=0, elements={
}

Java Threads: ( => current thread )

Other Threads:
  0x000002313495a800 GCTaskThread "GC Thread#0" [stack: 0x00000084b0500000,0x00000084b0600000] [id=42324]
  0x00000231349df000 ConcurrentGCThread "G1 Main Marker" [stack: 0x00000084b0600000,0x00000084b0700000] [id=45328]
  0x00000231349e0800 ConcurrentGCThread "G1 Conc#0" [stack: 0x00000084b0700000,0x00000084b0800000] [id=17360]

[error occurred during error reporting (printing all threads), id 0xc0000005, EXCEPTION_ACCESS_VIOLATION (0xc0000005) at pc=0x00007fffad573ef7]

VM state:not at safepoint (not fully initialized)

VM Mutex/Monitor currently owned by a thread:  ([mutex/lock_event])
[0x000002313493c130] Heap_lock - owner thread: 0x0000023134940800

Heap address: 0x0000000603c00000, size: 8132 MB, Compressed Oops mode: Non-zero based: 0x0000000603c00000
Narrow klass base: 0x0000000000000000, Narrow klass shift: 0

GC Heap History (0 events):
No events

Deoptimization events (0 events):
No events

Classes redefined (0 events):
No events

Internal exceptions (0 events):
No events

Events (1 events):
Event: 0.003 Loaded shared library C:\software\Unity\Editor\2022.3.16f1\Editor\Data\PlaybackEngines\AndroidPlayer\OpenJDK\bin\zip.dll


Dynamic libraries:
0x00007ff646be0000 - 0x00007ff646bed000 	C:\software\Unity\Editor\2022.3.16f1\Editor\Data\PlaybackEngines\AndroidPlayer\OpenJDK\bin\java.exe
0x00007ff931b50000 - 0x00007ff931d67000 	C:\Windows\SYSTEM32\ntdll.dll
0x00007ff930a70000 - 0x00007ff930b34000 	C:\Windows\System32\KERNEL32.DLL
0x00007ff92f280000 - 0x00007ff92f62c000 	C:\Windows\System32\KERNELBASE.dll
0x00007ff92ee80000 - 0x00007ff92ef91000 	C:\Windows\System32\ucrtbase.dll
0x00007ff8ea0d0000 - 0x00007ff8ea0e7000 	C:\software\Unity\Editor\2022.3.16f1\Editor\Data\PlaybackEngines\AndroidPlayer\OpenJDK\bin\jli.dll
0x00007ff8d0b10000 - 0x00007ff8d0b25000 	C:\software\Unity\Editor\2022.3.16f1\Editor\Data\PlaybackEngines\AndroidPlayer\OpenJDK\bin\VCRUNTIME140.dll
0x00007ff9301e0000 - 0x00007ff93038e000 	C:\Windows\System32\USER32.dll
0x00007ff92f860000 - 0x00007ff92f886000 	C:\Windows\System32\win32u.dll
0x00007ff91b0d0000 - 0x00007ff91b363000 	C:\Windows\WinSxS\amd64_microsoft.windows.common-controls_6595b64144ccf1df_6.0.22621.3672_none_2713b9d173822955\COMCTL32.dll
0x00007ff931030000 - 0x00007ff931059000 	C:\Windows\System32\GDI32.dll
0x00007ff930f80000 - 0x00007ff931027000 	C:\Windows\System32\msvcrt.dll
0x00007ff92efa0000 - 0x00007ff92f0b9000 	C:\Windows\System32\gdi32full.dll
0x00007ff92f160000 - 0x00007ff92f1fa000 	C:\Windows\System32\msvcp_win.dll
0x00007ff92ff80000 - 0x00007ff92ffb1000 	C:\Windows\System32\IMM32.DLL
0x00007ff868850000 - 0x00007ff8688eb000 	C:\software\Unity\Editor\2022.3.16f1\Editor\Data\PlaybackEngines\AndroidPlayer\OpenJDK\bin\msvcp140.dll
0x00007fffad280000 - 0x00007fffade01000 	C:\software\Unity\Editor\2022.3.16f1\Editor\Data\PlaybackEngines\AndroidPlayer\OpenJDK\bin\server\jvm.dll
0x00007ff9309b0000 - 0x00007ff930a62000 	C:\Windows\System32\ADVAPI32.dll
0x00007ff930c40000 - 0x00007ff930cea000 	C:\Windows\System32\sechost.dll
0x00007ff92f130000 - 0x00007ff92f158000 	C:\Windows\System32\bcrypt.dll
0x00007ff92ffc0000 - 0x00007ff9300d5000 	C:\Windows\System32\RPCRT4.dll
0x00007ff9312a0000 - 0x00007ff9312a8000 	C:\Windows\System32\PSAPI.DLL
0x00007ff915730000 - 0x00007ff915739000 	C:\Windows\SYSTEM32\WSOCK32.dll
0x00007ff9272d0000 - 0x00007ff9272da000 	C:\Windows\SYSTEM32\VERSION.dll
0x00007ff923210000 - 0x00007ff923244000 	C:\Windows\SYSTEM32\WINMM.dll
0x00007ff92fda0000 - 0x00007ff92fe11000 	C:\Windows\System32\WS2_32.dll
0x00007ff92dec0000 - 0x00007ff92ded8000 	C:\Windows\SYSTEM32\kernel.appcore.dll
0x00007ff8ea0c0000 - 0x00007ff8ea0d0000 	C:\software\Unity\Editor\2022.3.16f1\Editor\Data\PlaybackEngines\AndroidPlayer\OpenJDK\bin\verify.dll
0x00007ff92c680000 - 0x00007ff92c8b2000 	C:\Windows\SYSTEM32\DBGHELP.DLL
0x00007ff92f8e0000 - 0x00007ff92fc68000 	C:\Windows\System32\combase.dll
0x00007ff930ea0000 - 0x00007ff930f77000 	C:\Windows\System32\OLEAUT32.dll
0x00007ff875090000 - 0x00007ff8750c2000 	C:\Windows\SYSTEM32\dbgcore.DLL
0x00007ff92f200000 - 0x00007ff92f27b000 	C:\Windows\System32\bcryptPrimitives.dll
0x00007ff8d0ae0000 - 0x00007ff8d0b08000 	C:\software\Unity\Editor\2022.3.16f1\Editor\Data\PlaybackEngines\AndroidPlayer\OpenJDK\bin\java.dll
0x00007ff8d04a0000 - 0x00007ff8d04aa000 	C:\software\Unity\Editor\2022.3.16f1\Editor\Data\PlaybackEngines\AndroidPlayer\OpenJDK\bin\jimage.dll
0x00007ff868830000 - 0x00007ff868848000 	C:\software\Unity\Editor\2022.3.16f1\Editor\Data\PlaybackEngines\AndroidPlayer\OpenJDK\bin\zip.dll

dbghelp: loaded successfully - version: 4.0.5 - missing functions: none
symbol engine: initialized successfully - sym options: 0x614 - pdb path: .;C:\software\Unity\Editor\2022.3.16f1\Editor\Data\PlaybackEngines\AndroidPlayer\OpenJDK\bin;C:\Windows\SYSTEM32;C:\Windows\WinSxS\amd64_microsoft.windows.common-controls_6595b64144ccf1df_6.0.22621.3672_none_2713b9d173822955;C:\software\Unity\Editor\2022.3.16f1\Editor\Data\PlaybackEngines\AndroidPlayer\OpenJDK\bin\server

VM Arguments:
java_command: <unknown>
java_class_path (initial): <not set>
Launcher Type: SUN_STANDARD

[Global flags]
     intx CICompilerCount                          = 12                                        {product} {ergonomic}
     uint ConcGCThreads                            = 5                                         {product} {ergonomic}
     uint G1ConcRefinementThreads                  = 18                                        {product} {ergonomic}
   size_t G1HeapRegionSize                         = 2097152                                   {product} {ergonomic}
    uintx GCDrainStackTargetSize                   = 64                                        {product} {ergonomic}
   size_t InitialHeapSize                          = 534773760                                 {product} {ergonomic}
   size_t MarkStackSize                            = 4194304                                   {product} {ergonomic}
   size_t MaxHeapSize                              = 8527020032                                {product} {ergonomic}
   size_t MinHeapDeltaBytes                        = 2097152                                   {product} {ergonomic}
    uintx NonNMethodCodeHeapSize                   = 7594288                                {pd product} {ergonomic}
    uintx NonProfiledCodeHeapSize                  = 122031976                              {pd product} {ergonomic}
    uintx ProfiledCodeHeapSize                     = 122031976                              {pd product} {ergonomic}
    uintx ReservedCodeCacheSize                    = 251658240                              {pd product} {ergonomic}
     bool SegmentedCodeCache                       = true                                      {product} {ergonomic}
     bool UseCompressedClassPointers               = true                                 {lp64_product} {ergonomic}
     bool UseCompressedOops                        = true                                 {lp64_product} {ergonomic}
     bool UseG1GC                                  = true                                      {product} {ergonomic}
     bool UseLargePagesIndividualAllocation        = false                                  {pd product} {ergonomic}

Logging:
Log output configuration:
 #0: stdout all=warning uptime,level,tags
 #1: stderr all=off uptime,level,tags

Environment Variables:
JAVA_HOME=C:/software/Unity/Editor/2022.3.16f1/Editor/Data/PlaybackEngines/AndroidPlayer\OpenJDK
PATH=C:\Program Files\PlasticSCM5\server;C:\Program Files\PlasticSCM5\client;C:\Program Files\Common Files\Oracle\Java\javapath;C:\Program Files (x86)\Common Files\Oracle\Java\javapath;C:\Program Files (x86)\Common Files\Intel\Shared Libraries\redist\intel64\compiler;C:\Windows\system32;C:\Windows;C:\Windows\System32\Wbem;C:\Windows\System32\WindowsPowerShell\v1.0\;C:\Windows\System32\OpenSSH\;C:\Program Files\Git\cmd;C:\Program Files\Java\jre-1.8\bin;C:\Program Files\dotnet\;C:\Program Files (x86)\NVIDIA Corporation\PhysX\Common;C:\Program Files\NVIDIA Corporation\NVIDIA NvDLISR;C:\Users\0127h\AppData\Local\Programs\Python\Python311\Scripts\;C:\Users\0127h\AppData\Local\Programs\Python\Python311\;C:\Users\0127h\AppData\Local\Programs\Python\Python310\Scripts\;C:\Users\0127h\AppData\Local\Programs\Python\Python310\;C:\Users\0127h\AppData\Local\Microsoft\WindowsApps;C:\Users\0127h\AppData\Local\GitHubDesktop\bin;C:\Users\0127h\AppData\Local\Programs\Microsoft VS Code\bin
USERNAME=0127h
OS=Windows_NT
PROCESSOR_IDENTIFIER=Intel64 Family 6 Model 183 Stepping 1, GenuineIntel



---------------  S Y S T E M  ---------------

OS: Windows 11 , 64 bit Build 22621 (10.0.22621.3672)
OS uptime: 6 days 12:31 hours
Hyper-V role detected

CPU:total 24 (initial active 24) (12 cores per cpu, 2 threads per core) family 6 model 183 stepping 1 microcode 0x10e, cmov, cx8, fxsr, mmx, sse, sse2, sse3, ssse3, sse4.1, sse4.2, popcnt, avx, avx2, aes, clmul, erms, 3dnowpref, lzcnt, ht, tsc, tscinvbit, bmi1, bmi2, adx, sha, fma

Memory: 4k page, system-wide physical 32524M (9350M free)
TotalPageFile size 92140M (AvailPageFile size 148M)
current process WorkingSet (physical memory assigned to process): 11M, peak: 11M
current process commit charge ("private bytes"): 82M, peak: 592M

vm_info: OpenJDK 64-Bit Server VM (11.0.14.1+1) for windows-amd64 JRE (11.0.14.1+1), built on Feb  9 2022 01:48:27 by "" with unknown MS VC++:1916

END.
